{
  code: 'EADDRINUSE',
  errno: -4091,
  syscall: 'listen',
  address: '::',
  port: 5000,
  level: 'error',
  label: 'PH',
  timestamp: '2023-11-09T20:01:12.675Z'
}
{
  code: 'EADDRINUSE',
  errno: -4091,
  syscall: 'listen',
  address: '::',
  port: 5000,
  level: 'error',
  label: 'PH',
  timestamp: '2023-11-09T20:03:19.929Z'
}
{
  code: 'EADDRINUSE',
  errno: -4091,
  syscall: 'listen',
  address: '::',
  port: 5000,
  level: 'error',
  label: 'PH',
  timestamp: '2023-11-09T20:04:10.140Z'
}
{
  code: 'EADDRINUSE',
  errno: -4091,
  syscall: 'listen',
  address: '::',
  port: 5000,
  level: 'error',
  label: 'PH',
  timestamp: '2023-11-09T20:04:57.199Z'
}
{
  code: 'EADDRINUSE',
  errno: -4091,
  syscall: 'listen',
  address: '::',
  port: 5000,
  level: 'error',
  label: 'PH',
  timestamp: '2023-11-09T20:05:29.675Z'
}
{
  code: 'EADDRINUSE',
  errno: -4091,
  syscall: 'listen',
  address: '::',
  port: 5000,
  level: 'error',
  label: 'PH',
  timestamp: '2023-11-09T20:06:12.711Z'
}
{
  code: 'EADDRINUSE',
  errno: -4091,
  syscall: 'listen',
  address: '::',
  port: 5000,
  level: 'error',
  label: 'PH',
  timestamp: '2023-11-09T20:06:18.079Z'
}
{
  code: 'EADDRINUSE',
  errno: -4091,
  syscall: 'listen',
  address: '::',
  port: 5000,
  level: 'error',
  label: 'PH',
  timestamp: '2023-11-09T20:06:25.067Z'
}
{
  code: 'EADDRINUSE',
  errno: -4091,
  syscall: 'listen',
  address: '::',
  port: 5000,
  level: 'error',
  label: 'PH',
  timestamp: '2023-11-09T20:07:13.429Z'
}
{
  code: 'EADDRINUSE',
  errno: -4091,
  syscall: 'listen',
  address: '::',
  port: 5000,
  level: 'error',
  label: 'PH',
  timestamp: '2023-11-09T20:09:28.857Z'
}
{
  code: 'EADDRINUSE',
  errno: -4091,
  syscall: 'listen',
  address: '::',
  port: 5000,
  level: 'error',
  label: 'PH',
  timestamp: '2023-11-09T20:09:36.234Z'
}
{
  code: 'EADDRINUSE',
  errno: -4091,
  syscall: 'listen',
  address: '::',
  port: 5001,
  level: 'error',
  label: 'PH',
  timestamp: '2023-11-09T20:11:11.097Z'
}
{
  code: 'EADDRINUSE',
  errno: -4091,
  syscall: 'listen',
  address: '::',
  port: 5001,
  level: 'error',
  label: 'PH',
  timestamp: '2023-11-09T20:13:15.023Z'
}
{
  code: 'EADDRINUSE',
  errno: -4091,
  syscall: 'listen',
  address: '::',
  port: 5001,
  level: 'error',
  label: 'PH',
  timestamp: '2023-11-09T20:13:32.053Z'
}
{
  level: 'error',
  message: 'Failed to connect database server is not defined',
  stack: 'ReferenceError: server is not defined\n' +
    '    at D:\\nextLevelCrse\\university-mangement-auth-service\\src\\server.ts:20:11\n' +
    '    at Generator.next (<anonymous>)\n' +
    '    at fulfilled (D:\\nextLevelCrse\\university-mangement-auth-service\\src\\server.ts:5:58)\n' +
    '    at processTicksAndRejections (node:internal/process/task_queues:95:5)',
  label: 'PH',
  timestamp: '2023-11-09T20:14:37.359Z'
}
{
  code: 'EADDRINUSE',
  errno: -4091,
  syscall: 'listen',
  address: '::',
  port: 5001,
  level: 'error',
  label: 'PH',
  timestamp: '2023-11-09T20:27:46.637Z'
}
